<?xml version="1.0" encoding="UTF-8"?>
<testsuite xmlns:xsi="http://www.w3.org/2001/XMLSchema-instance" xsi:noNamespaceSchemaLocation="https://maven.apache.org/surefire/maven-surefire-plugin/xsd/surefire-test-report-3.0.xsd" version="3.0" name="gal.uvigo.esei.aed2.solactividad7.SolActividad7Test" time="0.07" tests="19" errors="0" skipped="0" failures="0">
  <properties>
[...]
</properties>
  <testcase name="testNORegular" classname="gal.uvigo.esei.aed2.solactividad7.SolActividad7Test" time="0.012">
    <system-out><![CDATA[Test No esRegular
]]></system-out>
  </testcase>
  <testcase name="testNoSumidero" classname="gal.uvigo.esei.aed2.solactividad7.SolActividad7Test" time="0.001">
    <system-out><![CDATA[Test No esSumidero
]]></system-out>
  </testcase>
  <testcase name="testPredecesores1" classname="gal.uvigo.esei.aed2.solactividad7.SolActividad7Test" time="0.001">
    <system-out><![CDATA[Test predecesores
]]></system-out>
  </testcase>
  <testcase name="testEsCicloFalse2" classname="gal.uvigo.esei.aed2.solactividad7.SolActividad7Test" time="0.001">
    <system-out><![CDATA[Test 5 esCiclo
]]></system-out>
  </testcase>
  <testcase name="testSumidero" classname="gal.uvigo.esei.aed2.solactividad7.SolActividad7Test" time="0.0">
    <system-out><![CDATA[Test esSumidero
]]></system-out>
  </testcase>
  <testcase name="testHayCaminoEntreDos" classname="gal.uvigo.esei.aed2.solactividad7.SolActividad7Test" time="0.0">
    <system-out><![CDATA[hayCaminoEntreDos
]]></system-out>
  </testcase>
  <testcase name="testgetOrdenTopologicoVacio" classname="gal.uvigo.esei.aed2.solactividad7.SolActividad7Test" time="0.001">
    <system-out><![CDATA[getOrdenTopologico en gVacio
]]></system-out>
  </testcase>
  <testcase name="testEsConectadoDesdeVertice2" classname="gal.uvigo.esei.aed2.solactividad7.SolActividad7Test" time="0.001">
    <system-out><![CDATA[esConectadoDesdeVertice grafo v1
 Coruña
 Ourense
 Pontevedra
]]></system-out>
  </testcase>
  <testcase name="testEsConectadoDesdeVertice3" classname="gal.uvigo.esei.aed2.solactividad7.SolActividad7Test" time="0.001">
    <system-out><![CDATA[esConectadoDesdeVertice grafo v1
 Coruña
 Ourense
 Pontevedra
 Lugo
]]></system-out>
  </testcase>
  <testcase name="testSumideroVacio" classname="gal.uvigo.esei.aed2.solactividad7.SolActividad7Test" time="0.001">
    <system-out><![CDATA[Test grafo vacío esSumidero
]]></system-out>
  </testcase>
  <testcase name="testEsCicloTrue" classname="gal.uvigo.esei.aed2.solactividad7.SolActividad7Test" time="0.001">
    <system-out><![CDATA[Test 2 esCiclo
]]></system-out>
  </testcase>
  <testcase name="testSiRegular" classname="gal.uvigo.esei.aed2.solactividad7.SolActividad7Test" time="0.0">
    <system-out><![CDATA[Test esRegular
]]></system-out>
  </testcase>
  <testcase name="testEsCicloFalse" classname="gal.uvigo.esei.aed2.solactividad7.SolActividad7Test" time="0.0">
    <system-out><![CDATA[Test esCiclo
]]></system-out>
  </testcase>
  <testcase name="testEsCicloTrue2" classname="gal.uvigo.esei.aed2.solactividad7.SolActividad7Test" time="0.001">
    <system-out><![CDATA[Test 3 esCiclo
]]></system-out>
  </testcase>
  <testcase name="testEsCicloTrue3" classname="gal.uvigo.esei.aed2.solactividad7.SolActividad7Test" time="0.001">
    <system-out><![CDATA[Test 4 esCiclo
]]></system-out>
  </testcase>
  <testcase name="testVacioRegular" classname="gal.uvigo.esei.aed2.solactividad7.SolActividad7Test" time="0.0">
    <system-out><![CDATA[Test grafo vacío esRegular
]]></system-out>
  </testcase>
  <testcase name="testgetOrdenTopologico2" classname="gal.uvigo.esei.aed2.solactividad7.SolActividad7Test" time="0.001">
    <system-out><![CDATA[getOrdenTopologico en grafo 
]]></system-out>
  </testcase>
  <testcase name="testEsConectadoDesdeVertice" classname="gal.uvigo.esei.aed2.solactividad7.SolActividad7Test" time="0.001">
    <system-out><![CDATA[esConectadoDesdeVertice, grafo vacio
 Coruña
]]></system-out>
  </testcase>
  <testcase name="testgetOrdenTopologico" classname="gal.uvigo.esei.aed2.solactividad7.SolActividad7Test" time="0.0">
    <system-out><![CDATA[getOrdenTopologico en grafo 
]]></system-out>
  </testcase>
</testsuite>